SOLD TICKETS 200 - 207
RAFFLE TICKETS 0 - 29 given to PERSON 22
SOLD TICKETS 208 - 217
SOLD 3 of DRINK 6
RAFFLE TICKETS 30 - 69 given to PERSON 209
SOLD TICKETS 218 - 218
RAFFLE TICKETS 70 - 95 given to PERSON 123
SOLD TICKETS 219 - 221
SOLD 5 of DRINK 3
RAFFLE TICKETS 96 - 99 given to PERSON 211
SOLD 2 of DRINK 6
SOLD 5 of DRINK 3
SOLD 9 of DRINK 0
NO DRINK 3 SOLD
NO RAFFLE TICKETS given to PERSON 27
NO DRINK 3 SOLD
SOLD 4 of DRINK 2
RAFFLE 0 WON BY PERSON 22
RAFFLE 1 WON BY PERSON 211
RAFFLE 2 WON BY PERSON 209
RAFFLE 3 WON BY PERSON 123
TOTALREVENUE is $3922.87
